2019-11-01 15:13:31 INFO  RestAPI:20 - ***** Started GET Request in list_positions *****
2019-11-01 15:13:34 INFO  RestAPI:29 - ***** Checking GET Request in list_positions *****
2019-11-01 15:13:37 INFO  RestAPI:32 - Response Body==>[
    {
        "id": 96532668,
        "user_id": 96532668,
        "revision": 0,
        "values": [
            
        ],
        "type": "list_position"
    }
]
2019-11-01 15:13:37 INFO  RestAPI:38 - Status Code==>200
2019-11-01 15:13:37 INFO  RestAPI:47 - ***** Finished GET Request in list_positions*****
2019-11-01 15:14:06 INFO  RestAPI:20 - ***** Started GET Request in lists by ID *****
2019-11-01 15:14:10 INFO  RestAPI:29 - ***** Checking  GET Request in lists By ID *****
2019-11-01 15:14:12 INFO  RestAPI:32 - Response Body==>{
    "id": 409041278,
    "title": "Raju",
    "owner_type": "user",
    "owner_id": 96532668,
    "list_type": "list",
    "public": false,
    "revision": 9,
    "created_at": "2019-10-31T05:55:13.554Z",
    "type": "list"
}
2019-11-01 15:14:12 INFO  RestAPI:38 - Status Code==>200
2019-11-01 15:14:12 INFO  RestAPI:47 - ***** Finished GET Request in lists by ID *****
2019-11-01 15:14:38 INFO  RestAPI:23 - ***** Started POST Request in lists with different sets of data *****
2019-11-01 15:14:42 INFO  RestAPI:32 - ***** DATA OF FIRST POST REQUEST *****
2019-11-01 15:14:46 INFO  RestAPI:61 - ***** DATA OF SECOND POST REQUEST *****
2019-11-01 15:14:47 INFO  RestAPI:88 - ***** Finished POST Request in lists with different sets of data *****
2019-11-01 15:15:27 INFO  RestAPI:23 - ***** Started DELETE Request in lists *****
2019-11-01 15:15:30 INFO  RestAPI:32 - ***** Checking DELETE Request in lists *****
2019-11-01 15:15:34 INFO  RestAPI:56 - ***** Finished DELETE Request in lists *****
2019-11-01 15:16:08 INFO  RestAPI:23 - ***** Started DELETE Request in lists *****
2019-11-01 15:16:12 INFO  RestAPI:32 - ***** Checking DELETE Request in lists *****
2019-11-01 15:16:16 INFO  RestAPI:56 - ***** Finished DELETE Request in lists *****
2019-11-01 15:16:25 INFO  RestAPI:23 - ***** Started DELETE Request  *****
2019-11-01 15:16:29 INFO  RestAPI:32 - ***** Checking DELETE Request  *****
2019-11-01 15:16:33 INFO  RestAPI:54 - ***** Finished DELETE Request *****
2019-11-01 15:16:45 INFO  RestAPI:26 - ***** Started PUT Request of lists *****
2019-11-01 15:16:48 INFO  RestAPI:36 - ***** DATA OF PUT REQUEST for lists*****
2019-11-01 15:16:52 INFO  RestAPI:61 - ***** Finished PUT Request in lists*****
2019-11-01 15:17:06 INFO  RestAPI:25 - ***** Started PUT Request in memberships *****
2019-11-01 15:17:09 INFO  RestAPI:34 - ***** DATA OF PUT REQUEST for memberships *****
2019-11-01 15:17:13 INFO  RestAPI:60 - ***** Finished PUT Request in memberships*****
2019-11-01 15:17:23 INFO  RestAPI:25 - ***** Started PATCH Request in lists *****
2019-11-01 15:17:27 INFO  RestAPI:34 - ***** DATA OF PATCH REQUEST for lists*****
2019-11-01 15:17:31 INFO  RestAPI:59 - ***** Finished PATCH Request in lists *****
2019-11-01 15:17:44 INFO  RestAPI:25 - ***** Started PATCH Request for memberships *****
2019-11-01 15:17:48 INFO  RestAPI:34 - ***** DATA OF PATCH REQUEST for memberships *****
2019-11-01 15:17:51 INFO  RestAPI:60 - ***** Finished PATCH Request for memberships *****
2019-11-01 15:20:58 INFO  RestAPI:20 - ***** Started GET Request in list_positions *****
2019-11-01 15:21:02 INFO  RestAPI:29 - ***** Checking GET Request in list_positions *****
2019-11-01 15:21:04 INFO  RestAPI:32 - Response Body==>[
    {
        "id": 96532668,
        "user_id": 96532668,
        "revision": 0,
        "values": [
            
        ],
        "type": "list_position"
    }
]
2019-11-01 15:21:04 INFO  RestAPI:38 - Status Code==>200
2019-11-01 15:21:04 INFO  RestAPI:47 - ***** Finished GET Request in list_positions*****
2019-11-01 15:21:04 INFO  RestAPI:20 - ***** Started GET Request in lists by ID *****
2019-11-01 15:21:07 INFO  RestAPI:47 - ***** Finished GET Request in lists by ID *****
2019-11-01 15:21:07 INFO  RestAPI:23 - ***** Started POST Request in lists with different sets of data *****
2019-11-01 15:21:10 INFO  RestAPI:88 - ***** Finished POST Request in lists with different sets of data *****
2019-11-01 15:21:10 INFO  RestAPI:23 - ***** Started DELETE Request in lists *****
2019-11-01 15:21:13 INFO  RestAPI:56 - ***** Finished DELETE Request in lists *****
2019-11-01 15:21:13 INFO  RestAPI:23 - ***** Started DELETE Request  *****
2019-11-01 15:21:17 INFO  RestAPI:54 - ***** Finished DELETE Request *****
2019-11-01 15:21:17 INFO  RestAPI:26 - ***** Started PUT Request of lists *****
2019-11-01 15:21:20 INFO  RestAPI:61 - ***** Finished PUT Request in lists*****
2019-11-01 15:21:20 INFO  RestAPI:25 - ***** Started PUT Request in memberships *****
2019-11-01 15:21:23 INFO  RestAPI:60 - ***** Finished PUT Request in memberships*****
2019-11-01 15:21:23 INFO  RestAPI:25 - ***** Started PATCH Request in lists *****
2019-11-01 15:21:26 INFO  RestAPI:59 - ***** Finished PATCH Request in lists *****
2019-11-01 15:21:26 INFO  RestAPI:25 - ***** Started PATCH Request for memberships *****
2019-11-01 15:21:29 INFO  RestAPI:60 - ***** Finished PATCH Request for memberships *****
2019-11-01 15:36:37 INFO  RestAPI:20 - ***** Started GET Request in list_positions *****
2019-11-01 15:36:41 INFO  RestAPI:29 - ***** Checking GET Request in list_positions *****
2019-11-01 15:36:43 INFO  RestAPI:32 - Response Body==>[
    {
        "id": 96532668,
        "user_id": 96532668,
        "revision": 0,
        "values": [
            
        ],
        "type": "list_position"
    }
]
2019-11-01 15:36:43 INFO  RestAPI:38 - Status Code==>200
2019-11-01 15:36:43 INFO  RestAPI:47 - ***** Finished GET Request in list_positions*****
2019-11-01 15:36:43 INFO  RestAPI:20 - ***** Started GET Request in lists by ID *****
2019-11-01 15:36:46 INFO  RestAPI:47 - ***** Finished GET Request in lists by ID *****
2019-11-01 15:36:46 INFO  RestAPI:23 - ***** Started POST Request in lists with different sets of data *****
2019-11-01 15:36:49 INFO  RestAPI:88 - ***** Finished POST Request in lists with different sets of data *****
2019-11-01 15:36:49 INFO  RestAPI:23 - ***** Started DELETE Request in lists *****
2019-11-01 15:36:52 INFO  RestAPI:56 - ***** Finished DELETE Request in lists *****
2019-11-01 15:36:52 INFO  RestAPI:23 - ***** Started DELETE Request  *****
2019-11-01 15:36:55 INFO  RestAPI:54 - ***** Finished DELETE Request *****
2019-11-01 15:36:55 INFO  RestAPI:26 - ***** Started PUT Request of lists *****
2019-11-01 15:36:58 INFO  RestAPI:61 - ***** Finished PUT Request in lists*****
2019-11-01 15:36:58 INFO  RestAPI:25 - ***** Started PUT Request in memberships *****
2019-11-01 15:37:01 INFO  RestAPI:60 - ***** Finished PUT Request in memberships*****
2019-11-01 15:37:01 INFO  RestAPI:25 - ***** Started PATCH Request in lists *****
2019-11-01 15:37:04 INFO  RestAPI:59 - ***** Finished PATCH Request in lists *****
2019-11-01 15:37:04 INFO  RestAPI:25 - ***** Started PATCH Request for memberships *****
2019-11-01 15:37:07 INFO  RestAPI:60 - ***** Finished PATCH Request for memberships *****
2019-11-01 15:43:20 INFO  RestAPI:20 - ***** Started GET Request in list_positions *****
2019-11-01 15:43:24 INFO  RestAPI:47 - ***** Finished GET Request in list_positions*****
2019-11-01 15:43:24 INFO  RestAPI:20 - ***** Started GET Request in lists by ID *****
2019-11-01 15:43:27 INFO  RestAPI:29 - ***** Checking  GET Request in lists By ID *****
2019-11-01 15:43:29 INFO  RestAPI:32 - Response Body==>{
    "id": 409041278,
    "title": "Raju",
    "owner_type": "user",
    "owner_id": 96532668,
    "list_type": "list",
    "public": false,
    "revision": 11,
    "created_at": "2019-10-31T05:55:13.554Z",
    "type": "list"
}
2019-11-01 15:43:29 INFO  RestAPI:38 - Status Code==>200
2019-11-01 15:43:29 INFO  RestAPI:47 - ***** Finished GET Request in lists by ID *****
2019-11-01 15:46:33 INFO  RestAPI:23 - ***** Started DELETE Request in lists *****
2019-11-01 15:46:37 INFO  RestAPI:32 - ***** Checking DELETE Request in lists *****
2019-11-01 15:46:41 INFO  RestAPI:56 - ***** Finished DELETE Request in lists *****
2019-11-01 15:46:53 INFO  RestAPI:23 - ***** Started DELETE Request in lists *****
2019-11-01 15:46:57 INFO  RestAPI:32 - ***** Checking DELETE Request in lists *****
2019-11-01 15:47:01 INFO  RestAPI:56 - ***** Finished DELETE Request in lists *****
2019-11-01 15:48:22 INFO  RestAPI:20 - ***** Started GET Request in list_positions *****
2019-11-01 15:48:25 INFO  RestAPI:29 - ***** Checking GET Request in list_positions *****
2019-11-01 15:48:28 INFO  RestAPI:32 - Response Body==>[
    {
        "id": 96532668,
        "user_id": 96532668,
        "revision": 0,
        "values": [
            
        ],
        "type": "list_position"
    }
]
2019-11-01 15:48:28 INFO  RestAPI:38 - Status Code==>200
2019-11-01 15:48:28 INFO  RestAPI:47 - ***** Finished GET Request in list_positions*****
2019-11-01 15:48:28 INFO  RestAPI:20 - ***** Started GET Request in lists by ID *****
2019-11-01 15:48:31 INFO  RestAPI:47 - ***** Finished GET Request in lists by ID *****
2019-11-01 15:51:44 INFO  RestAPI:25 - ***** Started PATCH Request in lists *****
2019-11-01 15:51:47 INFO  RestAPI:34 - ***** DATA OF PATCH REQUEST for lists*****
2019-11-01 15:51:51 INFO  RestAPI:59 - ***** Finished PATCH Request in lists *****
2019-11-01 15:51:51 INFO  RestAPI:20 - ***** Started GET Request in lists by ID *****
2019-11-01 15:51:54 INFO  RestAPI:47 - ***** Finished GET Request in lists by ID *****
2019-11-01 15:51:54 INFO  RestAPI:26 - ***** Started PUT Request of lists *****
2019-11-01 15:51:57 INFO  RestAPI:61 - ***** Finished PUT Request in lists*****
2019-11-01 15:51:57 INFO  RestAPI:25 - ***** Started PUT Request in memberships *****
2019-11-01 15:52:00 INFO  RestAPI:60 - ***** Finished PUT Request in memberships*****
2019-11-01 15:52:00 INFO  RestAPI:23 - ***** Started DELETE Request  *****
2019-11-01 15:52:03 INFO  RestAPI:54 - ***** Finished DELETE Request *****
2019-11-01 15:52:03 INFO  RestAPI:25 - ***** Started PATCH Request for memberships *****
2019-11-01 15:52:06 INFO  RestAPI:60 - ***** Finished PATCH Request for memberships *****
2019-11-01 15:52:06 INFO  RestAPI:23 - ***** Started POST Request in lists with different sets of data *****
2019-11-01 15:52:09 INFO  RestAPI:88 - ***** Finished POST Request in lists with different sets of data *****
2019-11-01 15:52:09 INFO  RestAPI:23 - ***** Started DELETE Request in lists *****
2019-11-01 15:52:12 INFO  RestAPI:56 - ***** Finished DELETE Request in lists *****
2019-11-01 15:52:12 INFO  RestAPI:20 - ***** Started GET Request in list_positions *****
2019-11-01 15:52:15 INFO  RestAPI:47 - ***** Finished GET Request in list_positions*****
2019-11-01 16:00:10 INFO  RestAPI:23 - ***** Started DELETE Request in lists *****
2019-11-01 16:00:14 INFO  RestAPI:32 - ***** Checking DELETE Request in lists *****
2019-11-01 16:00:18 INFO  RestAPI:56 - ***** Finished DELETE Request in lists *****
2019-11-01 16:00:27 INFO  RestAPI:23 - ***** Started DELETE Request  *****
2019-11-01 16:00:30 INFO  RestAPI:32 - ***** Checking DELETE Request  *****
2019-11-01 16:00:34 INFO  RestAPI:54 - ***** Finished DELETE Request *****
2019-11-01 16:04:16 INFO  RestAPI:23 - ***** Started DELETE Request in lists *****
2019-11-01 16:04:20 INFO  RestAPI:56 - ***** Finished DELETE Request in lists *****
2019-11-01 16:04:20 INFO  RestAPI:23 - ***** Started DELETE Request  *****
2019-11-01 16:04:23 INFO  RestAPI:54 - ***** Finished DELETE Request *****
2019-11-01 16:04:23 INFO  RestAPI:20 - ***** Started GET Request in list_positions *****
2019-11-01 16:04:26 INFO  RestAPI:47 - ***** Finished GET Request in list_positions*****
2019-11-01 16:04:26 INFO  RestAPI:20 - ***** Started GET Request in lists by ID *****
2019-11-01 16:04:29 INFO  RestAPI:47 - ***** Finished GET Request in lists by ID *****
2019-11-01 16:04:29 INFO  RestAPI:25 - ***** Started PATCH Request in lists *****
2019-11-01 16:04:32 INFO  RestAPI:34 - ***** DATA OF PATCH REQUEST for lists*****
2019-11-01 16:04:36 INFO  RestAPI:59 - ***** Finished PATCH Request in lists *****
2019-11-01 16:04:36 INFO  RestAPI:25 - ***** Started PATCH Request for memberships *****
2019-11-01 16:04:39 INFO  RestAPI:60 - ***** Finished PATCH Request for memberships *****
2019-11-01 16:04:39 INFO  RestAPI:23 - ***** Started POST Request in lists with different sets of data *****
2019-11-01 16:04:42 INFO  RestAPI:88 - ***** Finished POST Request in lists with different sets of data *****
2019-11-01 16:04:42 INFO  RestAPI:26 - ***** Started PUT Request of lists *****
2019-11-01 16:04:45 INFO  RestAPI:61 - ***** Finished PUT Request in lists*****
2019-11-01 16:04:45 INFO  RestAPI:25 - ***** Started PUT Request in memberships *****
2019-11-01 16:04:48 INFO  RestAPI:60 - ***** Finished PUT Request in memberships*****
2019-11-01 16:10:56 INFO  RestAPI:25 - ***** Started PATCH Request in lists *****
2019-11-01 16:11:00 INFO  RestAPI:34 - ***** DATA OF PATCH REQUEST for lists*****
2019-11-01 16:11:04 INFO  RestAPI:59 - ***** Finished PATCH Request in lists *****
2019-11-01 16:11:04 INFO  RestAPI:20 - ***** Started GET Request in lists by ID *****
2019-11-01 16:11:07 INFO  RestAPI:47 - ***** Finished GET Request in lists by ID *****
2019-11-01 16:11:07 INFO  RestAPI:26 - ***** Started PUT Request of lists *****
2019-11-01 16:11:10 INFO  RestAPI:61 - ***** Finished PUT Request in lists*****
2019-11-01 16:11:10 INFO  RestAPI:25 - ***** Started PUT Request in memberships *****
2019-11-01 16:11:13 INFO  RestAPI:60 - ***** Finished PUT Request in memberships*****
2019-11-01 16:11:13 INFO  RestAPI:23 - ***** Started DELETE Request  *****
2019-11-01 16:11:16 INFO  RestAPI:54 - ***** Finished DELETE Request *****
2019-11-01 16:11:16 INFO  RestAPI:25 - ***** Started PATCH Request for memberships *****
2019-11-01 16:11:19 INFO  RestAPI:60 - ***** Finished PATCH Request for memberships *****
2019-11-01 16:11:19 INFO  RestAPI:23 - ***** Started POST Request in lists with different sets of data *****
2019-11-01 16:12:05 INFO  RestAPI:25 - ***** Started PATCH Request in lists *****
2019-11-01 16:12:09 INFO  RestAPI:34 - ***** DATA OF PATCH REQUEST for lists*****
2019-11-01 16:12:14 INFO  RestAPI:59 - ***** Finished PATCH Request in lists *****
2019-11-01 16:20:31 INFO  RestAPI:34 - ***** DATA OF PATCH REQUEST for lists*****
2019-11-01 16:20:31 INFO  RestAPI:59 - ***** Finished PATCH Request in lists *****
2019-11-01 16:22:47 INFO  RestAPI:34 - ***** DATA OF PATCH REQUEST for lists*****
2019-11-01 16:24:04 INFO  RestAPI:24 - ***** Started DELETE Request in lists *****
2019-11-01 16:24:08 INFO  RestAPI:30 - ***** Checking DELETE Request in lists *****
2019-11-01 16:24:12 INFO  RestAPI:49 - ***** Finished DELETE Request in lists *****
2019-11-01 16:25:06 INFO  RestAPI:24 - ***** Started DELETE Request  *****
2019-11-01 16:25:10 INFO  RestAPI:30 - ***** Checking DELETE Request  *****
2019-11-01 16:25:14 INFO  RestAPI:49 - ***** Finished DELETE Request *****
2019-11-01 16:29:16 INFO  RestAPI:26 - ***** Started PATCH Request in lists *****
2019-11-01 16:29:20 INFO  RestAPI:32 - ***** DATA OF PATCH REQUEST for lists*****
2019-11-01 16:29:24 INFO  RestAPI:53 - ***** Finished PATCH Request in lists *****
2019-11-01 16:31:47 INFO  RestAPI:27 - ***** Started PATCH Request in lists *****
2019-11-01 16:31:51 INFO  RestAPI:33 - ***** DATA OF PATCH REQUEST for lists*****
2019-11-01 16:31:55 INFO  RestAPI:54 - ***** Finished PATCH Request in lists *****
2019-11-01 16:31:55 INFO  RestAPI:22 - ***** Started GET Request in lists by ID *****
2019-11-01 16:31:58 INFO  RestAPI:29 - ***** Started PUT Request of lists *****
2019-11-01 16:32:01 INFO  RestAPI:27 - ***** Started PUT Request in memberships *****
2019-11-01 16:32:04 INFO  RestAPI:25 - ***** Started DELETE Request  *****
2019-11-01 16:32:07 INFO  RestAPI:27 - ***** Started PATCH Request for memberships *****
2019-11-01 16:32:10 INFO  RestAPI:25 - ***** Started DELETE Request in lists *****
2019-11-01 16:32:13 INFO  RestAPI:23 - ***** Started GET Request in list_positions *****
2019-11-01 16:33:13 INFO  RestAPI:22 - ***** Started GET Request in lists by ID *****
2019-11-01 16:33:17 INFO  RestAPI:28 - ***** Checking  GET Request in lists By ID *****
2019-11-01 16:33:19 INFO  RestAPI:31 - Response Body==>{
    "id": 409041278,
    "title": "Raju",
    "owner_type": "user",
    "owner_id": 96532668,
    "list_type": "list",
    "public": false,
    "revision": 17,
    "created_at": "2019-10-31T05:55:13.554Z",
    "type": "list"
}
2019-11-01 16:33:19 INFO  RestAPI:37 - Status Code==>200
2019-11-01 16:33:19 INFO  RestAPI:42 - ***** Finished GET Request in lists by ID *****
2019-11-01 16:36:54 INFO  RestAPI:22 - ***** Started GET Request in lists by ID *****
2019-11-01 16:36:57 INFO  RestAPI:25 - ***** Started DELETE Request  *****
2019-11-01 16:37:01 INFO  RestAPI:25 - ***** Started DELETE Request in lists *****
2019-11-01 16:37:04 INFO  RestAPI:23 - ***** Started GET Request in list_positions *****
2019-11-01 16:38:12 INFO  RestAPI:22 - ***** Started GET Request in lists by ID *****
2019-11-01 16:38:15 INFO  RestAPI:25 - ***** Started DELETE Request  *****
2019-11-01 16:38:18 INFO  RestAPI:25 - ***** Started DELETE Request in lists *****
2019-11-01 16:38:21 INFO  RestAPI:23 - ***** Started GET Request in list_positions *****
2019-11-01 16:39:08 INFO  RestAPI:27 - ***** Started PATCH Request in lists *****
2019-11-01 16:39:12 INFO  RestAPI:33 - ***** DATA OF PATCH REQUEST for lists*****
2019-11-01 16:39:16 INFO  RestAPI:54 - ***** Finished PATCH Request in lists *****
2019-11-01 16:39:16 INFO  RestAPI:22 - ***** Started GET Request in lists by ID *****
2019-11-01 16:39:19 INFO  RestAPI:29 - ***** Started PUT Request of lists *****
2019-11-01 16:39:22 INFO  RestAPI:27 - ***** Started PUT Request in memberships *****
2019-11-01 16:39:25 INFO  RestAPI:25 - ***** Started DELETE Request  *****
2019-11-01 16:39:28 INFO  RestAPI:27 - ***** Started PATCH Request for memberships *****
2019-11-01 16:39:31 INFO  RestAPI:25 - ***** Started DELETE Request in lists *****
2019-11-01 16:39:34 INFO  RestAPI:23 - ***** Started GET Request in list_positions *****
2019-11-01 16:41:25 INFO  RestAPI:27 - ***** Started PATCH Request in lists *****
2019-11-01 16:41:29 INFO  RestAPI:33 - ***** DATA OF PATCH REQUEST for lists*****
2019-11-01 16:41:33 INFO  RestAPI:54 - ***** Finished PATCH Request in lists *****
2019-11-01 16:41:33 INFO  RestAPI:22 - ***** Started GET Request in lists by ID *****
2019-11-01 16:41:36 INFO  RestAPI:28 - ***** Checking  GET Request in lists By ID *****
2019-11-01 16:41:37 INFO  RestAPI:31 - Response Body==>{
    "id": 409041278,
    "title": "Raju",
    "owner_type": "user",
    "owner_id": 96532668,
    "list_type": "list",
    "public": false,
    "revision": 19,
    "created_at": "2019-10-31T05:55:13.554Z",
    "type": "list"
}
2019-11-01 16:41:37 INFO  RestAPI:37 - Status Code==>200
2019-11-01 16:41:37 INFO  RestAPI:42 - ***** Finished GET Request in lists by ID *****
2019-11-01 16:41:37 INFO  RestAPI:29 - ***** Started PUT Request of lists *****
2019-11-01 16:41:40 INFO  RestAPI:35 - ***** DATA OF PUT REQUEST for lists*****
2019-11-01 16:41:43 INFO  RestAPI:56 - ***** Finished PUT Request in lists*****
2019-11-01 16:41:43 INFO  RestAPI:27 - ***** Started PUT Request in memberships *****
2019-11-01 16:41:46 INFO  RestAPI:33 - ***** DATA OF PUT REQUEST for memberships *****
2019-11-01 16:41:48 INFO  RestAPI:55 - ***** Finished PUT Request in memberships*****
2019-11-01 16:41:48 INFO  RestAPI:25 - ***** Started DELETE Request  *****
2019-11-01 16:41:51 INFO  RestAPI:31 - ***** Checking DELETE Request  *****
2019-11-01 16:41:53 INFO  RestAPI:50 - ***** Finished DELETE Request *****
2019-11-01 16:41:54 INFO  RestAPI:27 - ***** Started PATCH Request for memberships *****
2019-11-01 16:41:57 INFO  RestAPI:33 - ***** DATA OF PATCH REQUEST for memberships *****
2019-11-01 16:41:59 INFO  RestAPI:55 - ***** Finished PATCH Request for memberships *****
2019-11-01 16:41:59 INFO  RestAPI:25 - ***** Started DELETE Request in lists *****
2019-11-01 16:42:02 INFO  RestAPI:31 - ***** Checking DELETE Request in lists *****
2019-11-01 16:42:04 INFO  RestAPI:50 - ***** Finished DELETE Request in lists *****
2019-11-01 16:42:04 INFO  RestAPI:23 - ***** Started GET Request in list_positions *****
2019-11-01 16:42:07 INFO  RestAPI:29 - ***** Checking GET Request in list_positions *****
2019-11-01 16:42:08 INFO  RestAPI:32 - Response Body==>[
    {
        "id": 96532668,
        "user_id": 96532668,
        "revision": 0,
        "values": [
            
        ],
        "type": "list_position"
    }
]
2019-11-01 16:42:08 INFO  RestAPI:38 - Status Code==>200
2019-11-01 16:42:08 INFO  RestAPI:43 - ***** Finished GET Request in list_positions*****
2019-11-01 16:52:47 INFO  RestAPI:24 - ***** Started POST Request in lists with different sets of data *****
2019-11-01 16:52:51 INFO  RestAPI:30 - ***** DATA OF FIRST POST REQUEST *****
2019-11-01 17:01:08 INFO  RestAPI:24 - ***** Started POST Request *****
2019-11-01 17:01:12 INFO  RestAPI:30 - ***** DATA OF SECOND POST REQUEST *****
2019-11-01 17:01:15 INFO  RestAPI:54 - ***** Finished POST Request  *****
2019-11-01 17:02:29 INFO  RestAPI:27 - ***** Started PATCH Request in lists *****
2019-11-01 17:02:32 INFO  RestAPI:33 - ***** DATA OF PATCH REQUEST for lists*****
2019-11-01 17:02:36 INFO  RestAPI:54 - ***** Finished PATCH Request in lists *****
2019-11-01 17:02:36 INFO  RestAPI:22 - ***** Started GET Request in lists by ID *****
2019-11-01 17:02:39 INFO  RestAPI:28 - ***** Checking  GET Request in lists By ID *****
2019-11-01 17:02:40 INFO  RestAPI:31 - Response Body==>{
    "id": 409041278,
    "title": "Raju",
    "owner_type": "user",
    "owner_id": 96532668,
    "list_type": "list",
    "public": false,
    "revision": 21,
    "created_at": "2019-10-31T05:55:13.554Z",
    "type": "list"
}
2019-11-01 17:02:40 INFO  RestAPI:37 - Status Code==>200
2019-11-01 17:02:40 INFO  RestAPI:42 - ***** Finished GET Request in lists by ID *****
2019-11-01 17:02:40 INFO  RestAPI:29 - ***** Started PUT Request of lists *****
2019-11-01 17:02:43 INFO  RestAPI:35 - ***** DATA OF PUT REQUEST for lists*****
2019-11-01 17:02:45 INFO  RestAPI:56 - ***** Finished PUT Request in lists*****
2019-11-01 17:02:45 INFO  RestAPI:27 - ***** Started PUT Request in memberships *****
2019-11-01 17:02:48 INFO  RestAPI:33 - ***** DATA OF PUT REQUEST for memberships *****
2019-11-01 17:02:50 INFO  RestAPI:55 - ***** Finished PUT Request in memberships*****
2019-11-01 17:02:51 INFO  RestAPI:25 - ***** Started DELETE Request  *****
2019-11-01 17:02:54 INFO  RestAPI:31 - ***** Checking DELETE Request  *****
2019-11-01 17:02:56 INFO  RestAPI:50 - ***** Finished DELETE Request *****
2019-11-01 17:02:56 INFO  RestAPI:27 - ***** Started PATCH Request for memberships *****
2019-11-01 17:02:59 INFO  RestAPI:33 - ***** DATA OF PATCH REQUEST for memberships *****
2019-11-01 17:03:01 INFO  RestAPI:55 - ***** Finished PATCH Request for memberships *****
2019-11-01 17:03:01 INFO  RestAPI:25 - ***** Started DELETE Request in lists *****
2019-11-01 17:03:04 INFO  RestAPI:31 - ***** Checking DELETE Request in lists *****
2019-11-01 17:03:06 INFO  RestAPI:50 - ***** Finished DELETE Request in lists *****
2019-11-01 17:03:06 INFO  RestAPI:23 - ***** Started GET Request in list_positions *****
2019-11-01 17:03:09 INFO  RestAPI:29 - ***** Checking GET Request in list_positions *****
2019-11-01 17:03:10 INFO  RestAPI:32 - Response Body==>[
    {
        "id": 96532668,
        "user_id": 96532668,
        "revision": 0,
        "values": [
            
        ],
        "type": "list_position"
    }
]
2019-11-01 17:03:10 INFO  RestAPI:38 - Status Code==>200
2019-11-01 17:03:10 INFO  RestAPI:43 - ***** Finished GET Request in list_positions*****
2019-11-01 17:03:10 INFO  RestAPI:24 - ***** Started POST Request in lists with different sets of data *****
2019-11-01 17:03:13 INFO  RestAPI:30 - ***** DATA OF FIRST POST REQUEST *****
2019-11-01 17:03:15 INFO  RestAPI:54 - ***** Finished POST Request in lists with different sets of data *****
2019-11-01 17:03:15 INFO  RestAPI:24 - ***** Started POST Request *****
2019-11-01 17:03:18 INFO  RestAPI:30 - ***** DATA OF SECOND POST REQUEST *****
2019-11-01 17:03:19 INFO  RestAPI:54 - ***** Finished POST Request  *****
2019-11-01 17:05:38 INFO  RestAPI:23 - ***** Started GET Request in list_positions *****
2019-11-01 17:05:42 INFO  RestAPI:29 - ***** Checking GET Request in list_positions *****
2019-11-01 17:05:44 INFO  RestAPI:32 - Response Body==>[
    {
        "id": 96532668,
        "user_id": 96532668,
        "revision": 0,
        "values": [
            
        ],
        "type": "list_position"
    }
]
2019-11-01 17:05:44 INFO  RestAPI:38 - Status Code==>200
2019-11-01 17:05:44 INFO  RestAPI:43 - ***** Finished GET Request in list_positions*****
2019-11-01 17:05:44 INFO  RestAPI:22 - ***** Started GET Request in lists by ID *****
2019-11-01 17:05:47 INFO  RestAPI:28 - ***** Checking  GET Request in lists By ID *****
2019-11-01 17:05:48 INFO  RestAPI:31 - Response Body==>{
    "id": 409041278,
    "title": "Ram",
    "owner_type": "user",
    "owner_id": 96532668,
    "list_type": "list",
    "public": false,
    "revision": 22,
    "created_at": "2019-10-31T05:55:13.554Z",
    "type": "list"
}
2019-11-01 17:05:48 INFO  RestAPI:37 - Status Code==>200
2019-11-01 17:05:48 INFO  RestAPI:42 - ***** Finished GET Request in lists by ID *****
2019-11-01 17:05:48 INFO  RestAPI:24 - ***** Started POST Request in lists with different sets of data *****
2019-11-01 17:05:51 INFO  RestAPI:30 - ***** DATA OF FIRST POST REQUEST *****
2019-11-01 17:05:53 INFO  RestAPI:54 - ***** Finished POST Request in lists with different sets of data *****
2019-11-01 17:05:53 INFO  RestAPI:24 - ***** Started POST Request *****
2019-11-01 17:05:56 INFO  RestAPI:30 - ***** DATA OF SECOND POST REQUEST *****
2019-11-01 17:05:57 INFO  RestAPI:54 - ***** Finished POST Request  *****
2019-11-01 17:05:57 INFO  RestAPI:25 - ***** Started DELETE Request in lists *****
2019-11-01 17:06:00 INFO  RestAPI:31 - ***** Checking DELETE Request in lists *****
2019-11-01 17:06:03 INFO  RestAPI:50 - ***** Finished DELETE Request in lists *****
2019-11-01 17:06:03 INFO  RestAPI:25 - ***** Started DELETE Request  *****
2019-11-01 17:06:06 INFO  RestAPI:31 - ***** Checking DELETE Request  *****
2019-11-01 17:06:08 INFO  RestAPI:50 - ***** Finished DELETE Request *****
2019-11-01 17:06:08 INFO  RestAPI:29 - ***** Started PUT Request of lists *****
2019-11-01 17:06:11 INFO  RestAPI:35 - ***** DATA OF PUT REQUEST for lists*****
2019-11-01 17:06:13 INFO  RestAPI:56 - ***** Finished PUT Request in lists*****
2019-11-01 17:06:13 INFO  RestAPI:27 - ***** Started PUT Request in memberships *****
2019-11-01 17:06:16 INFO  RestAPI:33 - ***** DATA OF PUT REQUEST for memberships *****
2019-11-01 17:06:19 INFO  RestAPI:55 - ***** Finished PUT Request in memberships*****
2019-11-01 17:06:19 INFO  RestAPI:27 - ***** Started PATCH Request in lists *****
2019-11-01 17:06:22 INFO  RestAPI:33 - ***** DATA OF PATCH REQUEST for lists*****
2019-11-01 17:06:24 INFO  RestAPI:54 - ***** Finished PATCH Request in lists *****
2019-11-01 17:06:24 INFO  RestAPI:27 - ***** Started PATCH Request for memberships *****
2019-11-01 17:06:27 INFO  RestAPI:33 - ***** DATA OF PATCH REQUEST for memberships *****
2019-11-01 17:06:29 INFO  RestAPI:55 - ***** Finished PATCH Request for memberships *****
